2024-08-23 10:54:33,933 - INFO - Ep.: 0, Score: 210.0, e: 1.00, Steps: 622, Avg Q-val: nan, replay: 622, Mem Usage: 79.8%
2024-08-23 10:54:34,716 - INFO - Ep.: 1, Score: 170.0, e: 1.00, Steps: 644, Avg Q-val: nan, replay: 1266, Mem Usage: 80.5%
2024-08-23 10:54:35,343 - INFO - Ep.: 2, Score: 190.0, e: 1.00, Steps: 738, Avg Q-val: nan, replay: 2004, Mem Usage: 81.1%
2024-08-23 10:54:35,845 - INFO - Ep.: 3, Score: 150.0, e: 1.00, Steps: 596, Avg Q-val: nan, replay: 2600, Mem Usage: 81.5%
2024-08-23 10:54:36,385 - INFO - Ep.: 4, Score: 150.0, e: 1.00, Steps: 637, Avg Q-val: nan, replay: 3237, Mem Usage: 82.0%
2024-08-23 10:54:37,071 - INFO - Ep.: 5, Score: 330.0, e: 1.00, Steps: 822, Avg Q-val: nan, replay: 4059, Mem Usage: 82.6%
2024-08-23 10:54:37,577 - INFO - Ep.: 6, Score: 140.0, e: 1.00, Steps: 601, Avg Q-val: nan, replay: 4660, Mem Usage: 83.1%
2024-08-23 10:54:38,129 - INFO - Ep.: 7, Score: 170.0, e: 1.00, Steps: 631, Avg Q-val: nan, replay: 5291, Mem Usage: 83.6%
2024-08-23 10:54:38,627 - INFO - Ep.: 8, Score: 210.0, e: 1.00, Steps: 592, Avg Q-val: nan, replay: 5883, Mem Usage: 84.0%
2024-08-23 10:54:39,202 - INFO - Ep.: 9, Score: 210.0, e: 1.00, Steps: 672, Avg Q-val: nan, replay: 6555, Mem Usage: 84.5%
2024-08-23 10:54:39,842 - INFO - Ep.: 10, Score: 220.0, e: 1.00, Steps: 749, Avg Q-val: nan, replay: 7304, Mem Usage: 85.1%
2024-08-23 10:54:40,444 - INFO - Ep.: 11, Score: 190.0, e: 1.00, Steps: 712, Avg Q-val: nan, replay: 8016, Mem Usage: 85.7%
2024-08-23 10:54:41,213 - INFO - Ep.: 12, Score: 190.0, e: 1.00, Steps: 846, Avg Q-val: nan, replay: 8862, Mem Usage: 86.4%
2024-08-23 10:54:41,693 - INFO - Ep.: 13, Score: 120.0, e: 1.00, Steps: 554, Avg Q-val: nan, replay: 9416, Mem Usage: 86.9%
2024-08-23 10:54:42,217 - INFO - Ep.: 14, Score: 110.0, e: 1.00, Steps: 607, Avg Q-val: nan, replay: 10023, Mem Usage: 87.4%
2024-08-23 10:54:42,751 - INFO - Ep.: 15, Score: 110.0, e: 1.00, Steps: 635, Avg Q-val: nan, replay: 10658, Mem Usage: 87.9%
2024-08-23 10:54:43,232 - INFO - Ep.: 16, Score: 170.0, e: 1.00, Steps: 572, Avg Q-val: nan, replay: 11230, Mem Usage: 88.3%
2024-08-23 10:54:43,811 - INFO - Ep.: 17, Score: 140.0, e: 1.00, Steps: 682, Avg Q-val: nan, replay: 11912, Mem Usage: 88.8%
2024-08-23 10:54:44,507 - INFO - Ep.: 18, Score: 140.0, e: 1.00, Steps: 820, Avg Q-val: nan, replay: 12732, Mem Usage: 89.4%
2024-08-23 10:54:45,100 - INFO - Ep.: 19, Score: 130.0, e: 1.00, Steps: 705, Avg Q-val: nan, replay: 13437, Mem Usage: 90.0%
2024-08-23 10:54:45,595 - INFO - Ep.: 20, Score: 210.0, e: 1.00, Steps: 586, Avg Q-val: nan, replay: 14023, Mem Usage: 90.4%
2024-08-23 10:54:46,293 - INFO - Ep.: 21, Score: 230.0, e: 1.00, Steps: 804, Avg Q-val: nan, replay: 14827, Mem Usage: 91.1%
2024-08-23 10:54:46,783 - INFO - Ep.: 22, Score: 170.0, e: 1.00, Steps: 577, Avg Q-val: nan, replay: 15404, Mem Usage: 91.5%
2024-08-23 10:54:47,244 - INFO - Ep.: 23, Score: 170.0, e: 1.00, Steps: 548, Avg Q-val: nan, replay: 15952, Mem Usage: 92.0%
2024-08-23 10:54:47,710 - INFO - Ep.: 24, Score: 140.0, e: 1.00, Steps: 546, Avg Q-val: nan, replay: 16498, Mem Usage: 92.4%
2024-08-23 10:54:48,313 - INFO - Ep.: 25, Score: 320.0, e: 1.00, Steps: 718, Avg Q-val: nan, replay: 17216, Mem Usage: 92.9%
2024-08-23 10:54:48,907 - INFO - Ep.: 26, Score: 200.0, e: 1.00, Steps: 700, Avg Q-val: nan, replay: 17916, Mem Usage: 93.5%
2024-08-23 10:54:49,416 - INFO - Ep.: 27, Score: 170.0, e: 1.00, Steps: 609, Avg Q-val: nan, replay: 18525, Mem Usage: 94.0%
2024-08-23 10:54:49,863 - INFO - Ep.: 28, Score: 140.0, e: 1.00, Steps: 534, Avg Q-val: nan, replay: 19059, Mem Usage: 94.3%
2024-08-23 10:54:50,432 - INFO - Ep.: 29, Score: 150.0, e: 1.00, Steps: 645, Avg Q-val: nan, replay: 19704, Mem Usage: 94.9%
2024-08-23 10:54:51,219 - INFO - Ep.: 30, Score: 280.0, e: 1.00, Steps: 944, Avg Q-val: nan, replay: 20648, Mem Usage: 95.6%
2024-08-23 10:54:51,725 - INFO - Ep.: 31, Score: 210.0, e: 1.00, Steps: 601, Avg Q-val: nan, replay: 21249, Mem Usage: 96.0%
2024-08-23 10:54:52,355 - INFO - Ep.: 32, Score: 220.0, e: 1.00, Steps: 737, Avg Q-val: nan, replay: 21986, Mem Usage: 96.6%
2024-08-23 10:54:52,980 - INFO - Ep.: 33, Score: 230.0, e: 1.00, Steps: 681, Avg Q-val: nan, replay: 22667, Mem Usage: 97.1%
2024-08-23 10:54:53,568 - INFO - Ep.: 34, Score: 150.0, e: 1.00, Steps: 622, Avg Q-val: nan, replay: 23289, Mem Usage: 97.6%
2024-08-23 10:54:54,230 - INFO - Ep.: 35, Score: 230.0, e: 1.00, Steps: 784, Avg Q-val: nan, replay: 24073, Mem Usage: 98.1%
2024-08-23 10:54:54,754 - INFO - Ep.: 36, Score: 130.0, e: 1.00, Steps: 603, Avg Q-val: nan, replay: 24676, Mem Usage: 98.7%
2024-08-23 10:54:55,366 - INFO - Ep.: 37, Score: 180.0, e: 1.00, Steps: 695, Avg Q-val: nan, replay: 25371, Mem Usage: 99.1%
2024-08-23 10:54:56,030 - INFO - Ep.: 38, Score: 150.0, e: 1.00, Steps: 689, Avg Q-val: nan, replay: 26060, Mem Usage: 99.7%
2024-08-23 10:54:56,715 - INFO - Ep.: 39, Score: 260.0, e: 1.00, Steps: 604, Avg Q-val: nan, replay: 26664, Mem Usage: 99.9%
2024-08-23 10:55:35,085 - INFO - Ep.: 40, Score: 220.0, e: 1.00, Steps: 813, Avg Q-val: nan, replay: 27477, Mem Usage: 100.0%
2024-08-23 10:55:35,606 - INFO - Ep.: 41, Score: 120.0, e: 1.00, Steps: 584, Avg Q-val: nan, replay: 28061, Mem Usage: 97.8%
2024-08-23 10:55:36,171 - INFO - Ep.: 42, Score: 130.0, e: 1.00, Steps: 663, Avg Q-val: nan, replay: 28724, Mem Usage: 95.0%
2024-08-23 10:55:36,877 - INFO - Ep.: 43, Score: 350.0, e: 1.00, Steps: 870, Avg Q-val: nan, replay: 29594, Mem Usage: 91.2%
2024-08-23 10:55:37,357 - INFO - Ep.: 44, Score: 130.0, e: 1.00, Steps: 571, Avg Q-val: nan, replay: 30165, Mem Usage: 86.8%
2024-08-23 10:55:37,912 - INFO - Ep.: 45, Score: 140.0, e: 1.00, Steps: 679, Avg Q-val: nan, replay: 30844, Mem Usage: 80.7%
2024-08-23 10:55:38,336 - INFO - Ep.: 46, Score: 150.0, e: 1.00, Steps: 517, Avg Q-val: nan, replay: 31361, Mem Usage: 76.0%
2024-08-23 10:55:38,995 - INFO - Ep.: 47, Score: 290.0, e: 1.00, Steps: 811, Avg Q-val: nan, replay: 32172, Mem Usage: 68.6%
2024-08-23 10:55:39,505 - INFO - Ep.: 48, Score: 180.0, e: 1.00, Steps: 620, Avg Q-val: nan, replay: 32792, Mem Usage: 63.0%
2024-08-23 10:55:40,073 - INFO - Ep.: 49, Score: 200.0, e: 1.00, Steps: 695, Avg Q-val: nan, replay: 33487, Mem Usage: 57.1%
2024-08-23 10:55:40,655 - INFO - Ep.: 50, Score: 190.0, e: 1.00, Steps: 708, Avg Q-val: nan, replay: 34195, Mem Usage: 56.7%
2024-08-23 10:55:41,065 - INFO - Ep.: 51, Score: 120.0, e: 1.00, Steps: 501, Avg Q-val: nan, replay: 34696, Mem Usage: 57.0%
2024-08-23 10:55:41,845 - INFO - Ep.: 52, Score: 760.0, e: 1.00, Steps: 979, Avg Q-val: nan, replay: 35675, Mem Usage: 57.4%
2024-08-23 10:55:42,275 - INFO - Ep.: 53, Score: 120.0, e: 1.00, Steps: 535, Avg Q-val: nan, replay: 36210, Mem Usage: 57.7%
2024-08-23 10:55:42,783 - INFO - Ep.: 54, Score: 190.0, e: 1.00, Steps: 623, Avg Q-val: nan, replay: 36833, Mem Usage: 58.0%
2024-08-23 10:55:43,390 - INFO - Ep.: 55, Score: 300.0, e: 1.00, Steps: 750, Avg Q-val: nan, replay: 37583, Mem Usage: 58.4%
2024-08-23 10:55:43,751 - INFO - Ep.: 56, Score: 110.0, e: 1.00, Steps: 445, Avg Q-val: nan, replay: 38028, Mem Usage: 58.6%
2024-08-23 10:55:44,193 - INFO - Ep.: 57, Score: 110.0, e: 1.00, Steps: 547, Avg Q-val: nan, replay: 38575, Mem Usage: 58.8%
2024-08-23 10:55:44,598 - INFO - Ep.: 58, Score: 180.0, e: 1.00, Steps: 476, Avg Q-val: nan, replay: 39051, Mem Usage: 59.1%
2024-08-23 10:55:45,073 - INFO - Ep.: 59, Score: 200.0, e: 1.00, Steps: 586, Avg Q-val: nan, replay: 39637, Mem Usage: 59.4%
2024-08-23 10:55:45,572 - INFO - Ep.: 60, Score: 190.0, e: 1.00, Steps: 623, Avg Q-val: nan, replay: 40260, Mem Usage: 59.7%
2024-08-23 10:55:46,105 - INFO - Ep.: 61, Score: 170.0, e: 1.00, Steps: 655, Avg Q-val: nan, replay: 40915, Mem Usage: 60.0%
2024-08-23 10:55:46,564 - INFO - Ep.: 62, Score: 150.0, e: 1.00, Steps: 570, Avg Q-val: nan, replay: 41485, Mem Usage: 60.3%
2024-08-23 10:55:47,028 - INFO - Ep.: 63, Score: 210.0, e: 1.00, Steps: 568, Avg Q-val: nan, replay: 42053, Mem Usage: 60.5%
2024-08-23 10:55:47,483 - INFO - Ep.: 64, Score: 150.0, e: 1.00, Steps: 555, Avg Q-val: nan, replay: 42608, Mem Usage: 60.8%
2024-08-23 10:55:48,089 - INFO - Ep.: 65, Score: 250.0, e: 1.00, Steps: 761, Avg Q-val: nan, replay: 43369, Mem Usage: 61.2%
2024-08-23 10:55:48,641 - INFO - Ep.: 66, Score: 210.0, e: 1.00, Steps: 695, Avg Q-val: nan, replay: 44064, Mem Usage: 61.5%
2024-08-23 10:55:49,083 - INFO - Ep.: 67, Score: 130.0, e: 1.00, Steps: 557, Avg Q-val: nan, replay: 44621, Mem Usage: 61.8%
2024-08-23 10:55:49,606 - INFO - Ep.: 68, Score: 220.0, e: 1.00, Steps: 659, Avg Q-val: nan, replay: 45280, Mem Usage: 62.1%
2024-08-23 10:55:50,082 - INFO - Ep.: 69, Score: 180.0, e: 1.00, Steps: 599, Avg Q-val: nan, replay: 45879, Mem Usage: 62.4%
2024-08-23 10:55:50,537 - INFO - Ep.: 70, Score: 140.0, e: 1.00, Steps: 574, Avg Q-val: nan, replay: 46453, Mem Usage: 62.7%
2024-08-23 10:55:51,121 - INFO - Ep.: 71, Score: 180.0, e: 1.00, Steps: 733, Avg Q-val: nan, replay: 47186, Mem Usage: 63.0%
2024-08-23 10:55:51,604 - INFO - Ep.: 72, Score: 230.0, e: 1.00, Steps: 609, Avg Q-val: nan, replay: 47795, Mem Usage: 63.3%
2024-08-23 10:55:52,077 - INFO - Ep.: 73, Score: 140.0, e: 1.00, Steps: 594, Avg Q-val: nan, replay: 48389, Mem Usage: 63.6%
2024-08-23 10:55:52,600 - INFO - Ep.: 74, Score: 200.0, e: 1.00, Steps: 660, Avg Q-val: nan, replay: 49049, Mem Usage: 64.0%
2024-08-23 10:55:53,136 - INFO - Ep.: 75, Score: 150.0, e: 1.00, Steps: 678, Avg Q-val: nan, replay: 49727, Mem Usage: 64.3%
2024-08-23 10:55:56,853 - INFO - Step: 50000, Evaluation Score: 140.0
2024-08-23 10:55:56,854 - INFO - Ep.: 76, Score: 130.0, e: 0.95, Steps: 274, Avg Q-val: 0.04, replay: 50001, Mem Usage: 66.3%
2024-08-23 10:55:59,273 - INFO - Ep.: 77, Score: 110.0, e: 0.95, Steps: 686, Avg Q-val: 0.38, replay: 50687, Mem Usage: 67.4%
2024-08-23 10:56:01,850 - INFO - Ep.: 78, Score: 170.0, e: 0.95, Steps: 711, Avg Q-val: 0.51, replay: 51398, Mem Usage: 69.1%
2024-08-23 10:56:04,160 - INFO - Ep.: 79, Score: 200.0, e: 0.95, Steps: 638, Avg Q-val: 0.69, replay: 52036, Mem Usage: 70.8%
2024-08-23 10:56:06,696 - INFO - Ep.: 80, Score: 220.0, e: 0.95, Steps: 791, Avg Q-val: 0.53, replay: 52827, Mem Usage: 72.9%
2024-08-23 10:56:08,571 - INFO - Ep.: 81, Score: 160.0, e: 0.95, Steps: 589, Avg Q-val: 0.52, replay: 53416, Mem Usage: 74.5%
2024-08-23 10:56:10,379 - INFO - Ep.: 82, Score: 170.0, e: 0.95, Steps: 569, Avg Q-val: 0.49, replay: 53985, Mem Usage: 76.0%
2024-08-23 10:56:12,751 - INFO - Ep.: 83, Score: 220.0, e: 0.95, Steps: 749, Avg Q-val: 0.49, replay: 54734, Mem Usage: 78.0%
2024-08-23 10:56:15,448 - INFO - Ep.: 84, Score: 180.0, e: 0.95, Steps: 860, Avg Q-val: 0.78, replay: 55594, Mem Usage: 80.3%
2024-08-23 10:56:17,031 - INFO - Ep.: 85, Score: 160.0, e: 0.95, Steps: 491, Avg Q-val: 1.01, replay: 56085, Mem Usage: 81.6%
2024-08-23 10:56:19,755 - INFO - Ep.: 86, Score: 280.0, e: 0.95, Steps: 829, Avg Q-val: 0.97, replay: 56914, Mem Usage: 83.8%
2024-08-23 10:56:21,869 - INFO - Ep.: 87, Score: 270.0, e: 0.95, Steps: 691, Avg Q-val: 0.95, replay: 57605, Mem Usage: 85.5%
2024-08-23 10:56:24,015 - INFO - Ep.: 88, Score: 330.0, e: 0.94, Steps: 827, Avg Q-val: 1.45, replay: 58432, Mem Usage: 86.6%
2024-08-23 10:56:26,795 - INFO - Ep.: 89, Score: 440.0, e: 0.94, Steps: 1079, Avg Q-val: 1.52, replay: 59511, Mem Usage: 88.1%
2024-08-23 10:56:28,154 - INFO - Ep.: 90, Score: 100.0, e: 0.94, Steps: 520, Avg Q-val: 0.95, replay: 60031, Mem Usage: 88.7%
2024-08-23 10:56:30,116 - INFO - Ep.: 91, Score: 230.0, e: 0.94, Steps: 740, Avg Q-val: 1.41, replay: 60771, Mem Usage: 89.7%
2024-08-23 10:56:31,846 - INFO - Ep.: 92, Score: 120.0, e: 0.94, Steps: 660, Avg Q-val: 1.42, replay: 61431, Mem Usage: 90.6%
2024-08-23 10:56:33,624 - INFO - Ep.: 93, Score: 130.0, e: 0.94, Steps: 679, Avg Q-val: 1.37, replay: 62110, Mem Usage: 91.5%
2024-08-23 10:56:35,146 - INFO - Ep.: 94, Score: 200.0, e: 0.94, Steps: 586, Avg Q-val: 1.76, replay: 62696, Mem Usage: 92.2%
2024-08-23 10:56:36,969 - INFO - Ep.: 95, Score: 150.0, e: 0.94, Steps: 695, Avg Q-val: 1.58, replay: 63391, Mem Usage: 93.1%
2024-08-23 10:56:38,976 - INFO - Ep.: 96, Score: 200.0, e: 0.94, Steps: 763, Avg Q-val: 1.53, replay: 64154, Mem Usage: 94.2%
2024-08-23 10:56:41,025 - INFO - Ep.: 97, Score: 200.0, e: 0.94, Steps: 782, Avg Q-val: 1.35, replay: 64936, Mem Usage: 95.2%
2024-08-23 10:56:42,588 - INFO - Ep.: 98, Score: 190.0, e: 0.94, Steps: 597, Avg Q-val: 1.71, replay: 65533, Mem Usage: 96.0%
2024-08-23 10:56:45,132 - INFO - Ep.: 99, Score: 260.0, e: 0.94, Steps: 971, Avg Q-val: 1.79, replay: 66504, Mem Usage: 97.3%
2024-08-23 10:56:46,523 - INFO - Ep.: 100, Score: 270.0, e: 0.94, Steps: 520, Avg Q-val: 1.71, replay: 67024, Mem Usage: 98.0%
2024-08-23 10:56:47,972 - INFO - Ep.: 101, Score: 150.0, e: 0.94, Steps: 562, Avg Q-val: 1.75, replay: 67586, Mem Usage: 98.7%
2024-08-23 10:56:49,442 - INFO - Ep.: 102, Score: 240.0, e: 0.94, Steps: 568, Avg Q-val: 1.75, replay: 68154, Mem Usage: 99.4%
2024-08-23 11:17:35,674 - INFO - Ep.: 103, Score: 90.0, e: 0.93, Steps: 643, Avg Q-val: 1.78, replay: 68797, Mem Usage: 100.0%
2024-08-23 12:18:33,036 - INFO - Ep.: 104, Score: 200.0, e: 0.93, Steps: 759, Avg Q-val: 1.81, replay: 69556, Mem Usage: 87.9%
2024-08-23 12:18:36,093 - INFO - Ep.: 105, Score: 330.0, e: 0.93, Steps: 1017, Avg Q-val: 2.17, replay: 70573, Mem Usage: 59.3%
2024-08-23 12:18:38,226 - INFO - Ep.: 106, Score: 240.0, e: 0.93, Steps: 719, Avg Q-val: 2.45, replay: 71292, Mem Usage: 39.2%
2024-08-23 12:18:40,830 - INFO - Ep.: 107, Score: 750.0, e: 0.93, Steps: 908, Avg Q-val: 2.52, replay: 72200, Mem Usage: 37.5%
2024-08-23 12:18:42,569 - INFO - Ep.: 108, Score: 300.0, e: 0.93, Steps: 625, Avg Q-val: 2.54, replay: 72825, Mem Usage: 38.3%
2024-08-23 12:18:44,057 - INFO - Ep.: 109, Score: 140.0, e: 0.93, Steps: 538, Avg Q-val: 2.45, replay: 73363, Mem Usage: 39.0%
2024-08-23 12:18:45,675 - INFO - Ep.: 110, Score: 140.0, e: 0.93, Steps: 602, Avg Q-val: 2.96, replay: 73965, Mem Usage: 39.8%
2024-08-23 12:18:47,329 - INFO - Ep.: 111, Score: 160.0, e: 0.93, Steps: 617, Avg Q-val: 2.43, replay: 74582, Mem Usage: 40.7%
2024-08-23 12:18:49,049 - INFO - Ep.: 112, Score: 140.0, e: 0.93, Steps: 682, Avg Q-val: 2.71, replay: 75264, Mem Usage: 41.6%
2024-08-23 12:18:50,589 - INFO - Ep.: 113, Score: 110.0, e: 0.93, Steps: 599, Avg Q-val: 2.91, replay: 75863, Mem Usage: 42.4%
2024-08-23 12:18:52,224 - INFO - Ep.: 114, Score: 110.0, e: 0.93, Steps: 603, Avg Q-val: 2.92, replay: 76466, Mem Usage: 43.2%
2024-08-23 12:18:54,208 - INFO - Ep.: 115, Score: 240.0, e: 0.93, Steps: 746, Avg Q-val: 3.15, replay: 77212, Mem Usage: 44.1%
2024-08-23 12:18:56,169 - INFO - Ep.: 116, Score: 280.0, e: 0.93, Steps: 799, Avg Q-val: 3.11, replay: 78011, Mem Usage: 45.2%
2024-08-23 12:18:57,223 - INFO - Ep.: 117, Score: 120.0, e: 0.93, Steps: 496, Avg Q-val: 2.81, replay: 78507, Mem Usage: 45.9%
2024-08-23 12:18:58,470 - INFO - Ep.: 118, Score: 130.0, e: 0.92, Steps: 584, Avg Q-val: 3.03, replay: 79091, Mem Usage: 46.7%
2024-08-23 12:18:59,826 - INFO - Ep.: 119, Score: 140.0, e: 0.92, Steps: 647, Avg Q-val: 2.92, replay: 79738, Mem Usage: 47.5%
2024-08-23 12:19:01,427 - INFO - Ep.: 120, Score: 230.0, e: 0.92, Steps: 768, Avg Q-val: 3.06, replay: 80506, Mem Usage: 48.5%
2024-08-23 12:19:02,439 - INFO - Ep.: 121, Score: 210.0, e: 0.92, Steps: 481, Avg Q-val: 3.21, replay: 80987, Mem Usage: 49.2%
2024-08-23 12:19:03,915 - INFO - Ep.: 122, Score: 260.0, e: 0.92, Steps: 705, Avg Q-val: 3.20, replay: 81692, Mem Usage: 50.1%
2024-08-23 12:19:05,104 - INFO - Ep.: 123, Score: 190.0, e: 0.92, Steps: 568, Avg Q-val: 3.20, replay: 82260, Mem Usage: 50.9%
2024-08-23 12:19:06,516 - INFO - Ep.: 124, Score: 230.0, e: 0.92, Steps: 671, Avg Q-val: 3.24, replay: 82931, Mem Usage: 51.8%
2024-08-23 12:19:08,446 - INFO - Ep.: 125, Score: 240.0, e: 0.92, Steps: 912, Avg Q-val: 3.27, replay: 83843, Mem Usage: 53.0%
2024-08-23 12:19:10,440 - INFO - Ep.: 126, Score: 220.0, e: 0.92, Steps: 955, Avg Q-val: 3.29, replay: 84798, Mem Usage: 54.3%
2024-08-23 12:19:11,979 - INFO - Ep.: 127, Score: 300.0, e: 0.92, Steps: 735, Avg Q-val: 3.68, replay: 85533, Mem Usage: 55.3%
2024-08-23 12:19:13,372 - INFO - Ep.: 128, Score: 340.0, e: 0.92, Steps: 659, Avg Q-val: 3.93, replay: 86192, Mem Usage: 56.1%
2024-08-23 12:19:15,046 - INFO - Ep.: 129, Score: 300.0, e: 0.92, Steps: 801, Avg Q-val: 3.95, replay: 86993, Mem Usage: 57.2%
2024-08-23 12:19:16,336 - INFO - Ep.: 130, Score: 200.0, e: 0.92, Steps: 621, Avg Q-val: 3.92, replay: 87614, Mem Usage: 58.0%
2024-08-23 12:19:17,376 - INFO - Ep.: 131, Score: 160.0, e: 0.92, Steps: 492, Avg Q-val: 3.84, replay: 88106, Mem Usage: 58.7%
2024-08-23 12:19:18,665 - INFO - Ep.: 132, Score: 140.0, e: 0.92, Steps: 617, Avg Q-val: 3.83, replay: 88723, Mem Usage: 59.5%
2024-08-23 12:19:20,170 - INFO - Ep.: 133, Score: 200.0, e: 0.92, Steps: 720, Avg Q-val: 4.40, replay: 89443, Mem Usage: 60.4%
2024-08-23 12:19:21,456 - INFO - Ep.: 134, Score: 220.0, e: 0.91, Steps: 612, Avg Q-val: 3.82, replay: 90055, Mem Usage: 61.2%
2024-08-23 12:19:22,769 - INFO - Ep.: 135, Score: 150.0, e: 0.91, Steps: 630, Avg Q-val: 4.96, replay: 90685, Mem Usage: 62.1%
2024-08-23 12:19:23,954 - INFO - Ep.: 136, Score: 160.0, e: 0.91, Steps: 547, Avg Q-val: 5.00, replay: 91232, Mem Usage: 62.8%
2024-08-23 12:19:25,097 - INFO - Ep.: 137, Score: 170.0, e: 0.91, Steps: 550, Avg Q-val: 4.53, replay: 91782, Mem Usage: 63.5%
2024-08-23 12:19:26,348 - INFO - Ep.: 138, Score: 320.0, e: 0.91, Steps: 597, Avg Q-val: 4.44, replay: 92379, Mem Usage: 64.3%
2024-08-23 12:19:27,596 - INFO - Ep.: 139, Score: 220.0, e: 0.91, Steps: 590, Avg Q-val: 4.47, replay: 92969, Mem Usage: 65.1%
2024-08-23 12:19:28,906 - INFO - Ep.: 140, Score: 180.0, e: 0.91, Steps: 619, Avg Q-val: 5.01, replay: 93588, Mem Usage: 65.9%
2024-08-23 12:19:29,988 - INFO - Ep.: 141, Score: 130.0, e: 0.91, Steps: 514, Avg Q-val: 4.70, replay: 94102, Mem Usage: 66.6%
2024-08-23 12:19:31,636 - INFO - Ep.: 142, Score: 410.0, e: 0.91, Steps: 778, Avg Q-val: 4.48, replay: 94880, Mem Usage: 67.6%
2024-08-23 12:19:32,720 - INFO - Ep.: 143, Score: 170.0, e: 0.91, Steps: 526, Avg Q-val: 4.92, replay: 95406, Mem Usage: 68.3%
2024-08-23 12:19:34,062 - INFO - Ep.: 144, Score: 200.0, e: 0.91, Steps: 635, Avg Q-val: 4.97, replay: 96041, Mem Usage: 69.1%
2024-08-23 12:19:35,188 - INFO - Ep.: 145, Score: 140.0, e: 0.91, Steps: 538, Avg Q-val: 4.95, replay: 96579, Mem Usage: 69.8%
2024-08-23 12:19:36,438 - INFO - Ep.: 146, Score: 160.0, e: 0.91, Steps: 590, Avg Q-val: 4.98, replay: 97169, Mem Usage: 70.6%
2024-08-23 12:19:37,526 - INFO - Ep.: 147, Score: 130.0, e: 0.91, Steps: 519, Avg Q-val: 5.75, replay: 97688, Mem Usage: 71.2%
2024-08-23 12:19:38,830 - INFO - Ep.: 148, Score: 240.0, e: 0.91, Steps: 616, Avg Q-val: 5.01, replay: 98304, Mem Usage: 72.1%
2024-08-23 12:19:40,251 - INFO - Ep.: 149, Score: 280.0, e: 0.91, Steps: 674, Avg Q-val: 4.91, replay: 98978, Mem Usage: 73.0%
2024-08-23 12:19:41,530 - INFO - Ep.: 150, Score: 230.0, e: 0.91, Steps: 606, Avg Q-val: 4.89, replay: 99584, Mem Usage: 73.7%
2024-08-23 12:19:42,387 - INFO - Total steps: 100000
2024-08-23 12:19:44,072 - INFO - Step: 100000, Evaluation Score: 30.0
2024-08-23 12:19:44,073 - INFO - Ep.: 151, Score: 170.0, e: 0.91, Steps: 417, Avg Q-val: 4.98, replay: 100000, Mem Usage: 74.3%
2024-08-23 12:19:45,306 - INFO - Ep.: 152, Score: 190.0, e: 0.90, Steps: 578, Avg Q-val: 5.53, replay: 100000, Mem Usage: 74.3%
2024-08-23 12:19:46,974 - INFO - Ep.: 153, Score: 290.0, e: 0.90, Steps: 782, Avg Q-val: 5.47, replay: 100000, Mem Usage: 74.3%
2024-08-23 12:19:48,893 - INFO - Ep.: 154, Score: 220.0, e: 0.90, Steps: 903, Avg Q-val: 5.49, replay: 100000, Mem Usage: 74.3%
2024-08-23 12:19:50,630 - INFO - Ep.: 155, Score: 270.0, e: 0.90, Steps: 815, Avg Q-val: 5.50, replay: 100000, Mem Usage: 74.3%
2024-08-23 12:19:52,601 - INFO - Ep.: 156, Score: 400.0, e: 0.90, Steps: 936, Avg Q-val: 5.44, replay: 100000, Mem Usage: 74.3%
2024-08-23 12:19:54,032 - INFO - Ep.: 157, Score: 160.0, e: 0.90, Steps: 672, Avg Q-val: 5.48, replay: 100000, Mem Usage: 74.3%
2024-08-23 12:19:55,486 - INFO - Ep.: 158, Score: 190.0, e: 0.90, Steps: 674, Avg Q-val: 6.96, replay: 100000, Mem Usage: 74.3%
2024-08-23 12:19:56,841 - INFO - Ep.: 159, Score: 200.0, e: 0.90, Steps: 642, Avg Q-val: 7.06, replay: 100000, Mem Usage: 74.3%
2024-08-23 12:19:58,506 - INFO - Ep.: 160, Score: 240.0, e: 0.90, Steps: 796, Avg Q-val: 7.14, replay: 100000, Mem Usage: 74.3%
2024-08-23 12:20:00,527 - INFO - Ep.: 161, Score: 180.0, e: 0.90, Steps: 960, Avg Q-val: 7.35, replay: 100000, Mem Usage: 74.3%
2024-08-23 12:20:01,764 - INFO - Ep.: 162, Score: 160.0, e: 0.90, Steps: 583, Avg Q-val: 7.63, replay: 100000, Mem Usage: 74.3%
2024-08-23 12:20:03,416 - INFO - Ep.: 163, Score: 240.0, e: 0.90, Steps: 781, Avg Q-val: 7.66, replay: 100000, Mem Usage: 74.3%
2024-08-23 12:20:04,611 - INFO - Ep.: 164, Score: 180.0, e: 0.90, Steps: 569, Avg Q-val: 7.05, replay: 100000, Mem Usage: 74.3%
2024-08-23 12:20:06,002 - INFO - Ep.: 165, Score: 310.0, e: 0.90, Steps: 655, Avg Q-val: 7.97, replay: 100000, Mem Usage: 74.3%
2024-08-23 12:20:07,490 - INFO - Ep.: 166, Score: 180.0, e: 0.89, Steps: 696, Avg Q-val: 8.28, replay: 100000, Mem Usage: 74.3%
2024-08-23 12:20:08,544 - INFO - Ep.: 167, Score: 130.0, e: 0.89, Steps: 506, Avg Q-val: 7.87, replay: 100000, Mem Usage: 74.3%
2024-08-23 12:20:09,879 - INFO - Ep.: 168, Score: 240.0, e: 0.89, Steps: 628, Avg Q-val: 7.88, replay: 100000, Mem Usage: 74.3%
2024-08-23 12:20:11,362 - INFO - Ep.: 169, Score: 160.0, e: 0.89, Steps: 718, Avg Q-val: 7.85, replay: 100000, Mem Usage: 74.3%
2024-08-23 12:20:12,695 - INFO - Ep.: 170, Score: 190.0, e: 0.89, Steps: 626, Avg Q-val: 8.47, replay: 100000, Mem Usage: 74.3%
2024-08-23 12:20:14,111 - INFO - Ep.: 171, Score: 280.0, e: 0.89, Steps: 683, Avg Q-val: 8.13, replay: 100000, Mem Usage: 74.3%
2024-08-23 12:20:15,515 - INFO - Ep.: 172, Score: 170.0, e: 0.89, Steps: 666, Avg Q-val: 7.81, replay: 100000, Mem Usage: 74.3%
2024-08-23 12:20:16,829 - INFO - Ep.: 173, Score: 140.0, e: 0.89, Steps: 626, Avg Q-val: 8.44, replay: 100000, Mem Usage: 74.3%
2024-08-23 12:20:18,037 - INFO - Ep.: 174, Score: 130.0, e: 0.89, Steps: 576, Avg Q-val: 8.59, replay: 100000, Mem Usage: 74.3%
2024-08-23 12:20:19,290 - INFO - Ep.: 175, Score: 200.0, e: 0.89, Steps: 598, Avg Q-val: 8.61, replay: 100000, Mem Usage: 74.3%
2024-08-23 12:20:20,391 - INFO - Ep.: 176, Score: 130.0, e: 0.89, Steps: 516, Avg Q-val: 8.65, replay: 100000, Mem Usage: 74.3%
2024-08-23 12:20:21,860 - INFO - Ep.: 177, Score: 260.0, e: 0.89, Steps: 702, Avg Q-val: 9.01, replay: 100000, Mem Usage: 74.3%
2024-08-23 12:20:22,874 - INFO - Ep.: 178, Score: 140.0, e: 0.89, Steps: 484, Avg Q-val: 8.67, replay: 100000, Mem Usage: 74.3%
2024-08-23 12:20:24,217 - INFO - Ep.: 179, Score: 210.0, e: 0.89, Steps: 641, Avg Q-val: 8.48, replay: 100000, Mem Usage: 74.3%
2024-08-23 12:20:25,408 - INFO - Ep.: 180, Score: 170.0, e: 0.89, Steps: 567, Avg Q-val: 9.05, replay: 100000, Mem Usage: 74.3%
2024-08-23 12:20:26,587 - INFO - Ep.: 181, Score: 110.0, e: 0.89, Steps: 555, Avg Q-val: 8.61, replay: 100000, Mem Usage: 74.3%
2024-08-23 12:20:27,827 - INFO - Ep.: 182, Score: 170.0, e: 0.89, Steps: 587, Avg Q-val: 8.72, replay: 100000, Mem Usage: 74.3%
2024-08-23 12:20:29,355 - INFO - Ep.: 183, Score: 280.0, e: 0.88, Steps: 723, Avg Q-val: 8.77, replay: 100000, Mem Usage: 74.3%
2024-08-23 12:20:31,176 - INFO - Ep.: 184, Score: 240.0, e: 0.88, Steps: 860, Avg Q-val: 8.78, replay: 100000, Mem Usage: 74.3%
2024-08-23 12:20:32,290 - INFO - Ep.: 185, Score: 140.0, e: 0.88, Steps: 532, Avg Q-val: 8.77, replay: 100000, Mem Usage: 74.3%
2024-08-23 12:20:33,414 - INFO - Ep.: 186, Score: 120.0, e: 0.88, Steps: 530, Avg Q-val: 8.73, replay: 100000, Mem Usage: 74.3%
2024-08-23 12:20:34,630 - INFO - Ep.: 187, Score: 150.0, e: 0.88, Steps: 576, Avg Q-val: 8.86, replay: 100000, Mem Usage: 74.3%
2024-08-23 12:20:35,918 - INFO - Ep.: 188, Score: 160.0, e: 0.88, Steps: 603, Avg Q-val: 8.92, replay: 100000, Mem Usage: 74.3%
2024-08-23 12:20:37,029 - INFO - Ep.: 189, Score: 160.0, e: 0.88, Steps: 525, Avg Q-val: 8.82, replay: 100000, Mem Usage: 74.3%
2024-08-23 12:20:38,224 - INFO - Ep.: 190, Score: 240.0, e: 0.88, Steps: 559, Avg Q-val: 9.44, replay: 100000, Mem Usage: 74.3%
2024-08-23 12:20:39,604 - INFO - Ep.: 191, Score: 220.0, e: 0.88, Steps: 646, Avg Q-val: 9.34, replay: 100000, Mem Usage: 74.3%
2024-08-23 12:20:40,862 - INFO - Ep.: 192, Score: 240.0, e: 0.88, Steps: 602, Avg Q-val: 9.43, replay: 100000, Mem Usage: 74.3%
2024-08-23 12:20:42,506 - INFO - Ep.: 193, Score: 180.0, e: 0.88, Steps: 775, Avg Q-val: 9.34, replay: 100000, Mem Usage: 74.3%
2024-08-23 12:20:43,592 - INFO - Ep.: 194, Score: 160.0, e: 0.88, Steps: 516, Avg Q-val: 9.32, replay: 100000, Mem Usage: 74.3%
2024-08-23 12:20:44,879 - INFO - Ep.: 195, Score: 210.0, e: 0.88, Steps: 607, Avg Q-val: 9.34, replay: 100000, Mem Usage: 74.3%
2024-08-23 12:20:46,633 - INFO - Ep.: 196, Score: 230.0, e: 0.88, Steps: 824, Avg Q-val: 9.39, replay: 100000, Mem Usage: 74.3%
2024-08-23 12:20:47,755 - INFO - Ep.: 197, Score: 250.0, e: 0.88, Steps: 536, Avg Q-val: 9.55, replay: 100000, Mem Usage: 74.3%
2024-08-23 12:20:49,579 - INFO - Ep.: 198, Score: 270.0, e: 0.88, Steps: 863, Avg Q-val: 9.79, replay: 100000, Mem Usage: 74.3%
2024-08-23 12:20:51,594 - INFO - Ep.: 199, Score: 350.0, e: 0.87, Steps: 956, Avg Q-val: 9.76, replay: 100000, Mem Usage: 74.3%
2024-08-23 12:20:52,919 - INFO - Ep.: 200, Score: 150.0, e: 0.87, Steps: 635, Avg Q-val: 9.87, replay: 100000, Mem Usage: 74.3%
2024-08-23 12:20:54,579 - INFO - Ep.: 201, Score: 260.0, e: 0.87, Steps: 656, Avg Q-val: 10.11, replay: 100000, Mem Usage: 74.3%
2024-08-23 12:20:55,835 - INFO - Ep.: 202, Score: 180.0, e: 0.87, Steps: 588, Avg Q-val: 10.57, replay: 100000, Mem Usage: 74.3%
2024-08-23 12:20:57,185 - INFO - Ep.: 203, Score: 210.0, e: 0.87, Steps: 641, Avg Q-val: 9.84, replay: 100000, Mem Usage: 74.3%
2024-08-23 12:20:58,435 - INFO - Ep.: 204, Score: 150.0, e: 0.87, Steps: 584, Avg Q-val: 9.91, replay: 100000, Mem Usage: 74.3%
2024-08-23 12:20:59,685 - INFO - Ep.: 205, Score: 200.0, e: 0.87, Steps: 591, Avg Q-val: 10.43, replay: 100000, Mem Usage: 74.3%
2024-08-23 12:21:01,012 - INFO - Ep.: 206, Score: 110.0, e: 0.87, Steps: 630, Avg Q-val: 10.40, replay: 100000, Mem Usage: 74.3%
2024-08-23 12:21:02,563 - INFO - Ep.: 207, Score: 340.0, e: 0.87, Steps: 728, Avg Q-val: 10.35, replay: 100000, Mem Usage: 74.3%
2024-08-23 12:21:03,756 - INFO - Ep.: 208, Score: 180.0, e: 0.87, Steps: 566, Avg Q-val: 10.32, replay: 100000, Mem Usage: 74.3%
2024-08-23 12:21:05,187 - INFO - Ep.: 209, Score: 220.0, e: 0.87, Steps: 671, Avg Q-val: 10.45, replay: 100000, Mem Usage: 74.3%
2024-08-23 12:21:07,018 - INFO - Ep.: 210, Score: 470.0, e: 0.87, Steps: 865, Avg Q-val: 10.41, replay: 100000, Mem Usage: 74.3%
2024-08-23 12:21:08,891 - INFO - Ep.: 211, Score: 270.0, e: 0.87, Steps: 884, Avg Q-val: 10.45, replay: 100000, Mem Usage: 74.3%
2024-08-23 12:21:10,007 - INFO - Ep.: 212, Score: 110.0, e: 0.87, Steps: 523, Avg Q-val: 11.10, replay: 100000, Mem Usage: 74.3%
2024-08-23 12:21:11,250 - INFO - Ep.: 213, Score: 290.0, e: 0.87, Steps: 602, Avg Q-val: 11.03, replay: 100000, Mem Usage: 74.3%
2024-08-23 12:21:13,150 - INFO - Ep.: 214, Score: 260.0, e: 0.87, Steps: 898, Avg Q-val: 11.05, replay: 100000, Mem Usage: 74.3%
2024-08-23 12:21:14,568 - INFO - Ep.: 215, Score: 240.0, e: 0.86, Steps: 686, Avg Q-val: 11.12, replay: 100000, Mem Usage: 74.3%
2024-08-23 12:21:15,673 - INFO - Ep.: 216, Score: 170.0, e: 0.86, Steps: 516, Avg Q-val: 11.19, replay: 100000, Mem Usage: 74.3%
2024-08-23 12:21:16,900 - INFO - Ep.: 217, Score: 110.0, e: 0.86, Steps: 588, Avg Q-val: 11.13, replay: 100000, Mem Usage: 74.3%
2024-08-23 12:21:18,448 - INFO - Ep.: 218, Score: 230.0, e: 0.86, Steps: 729, Avg Q-val: 11.09, replay: 100000, Mem Usage: 74.3%
2024-08-23 12:21:19,627 - INFO - Ep.: 219, Score: 160.0, e: 0.86, Steps: 552, Avg Q-val: 11.28, replay: 100000, Mem Usage: 74.3%
2024-08-23 12:21:20,773 - INFO - Ep.: 220, Score: 190.0, e: 0.86, Steps: 548, Avg Q-val: 11.93, replay: 100000, Mem Usage: 74.3%
2024-08-23 12:21:22,091 - INFO - Ep.: 221, Score: 200.0, e: 0.86, Steps: 622, Avg Q-val: 11.69, replay: 100000, Mem Usage: 74.3%
2024-08-23 12:21:23,629 - INFO - Ep.: 222, Score: 290.0, e: 0.86, Steps: 747, Avg Q-val: 11.89, replay: 100000, Mem Usage: 74.3%
2024-08-23 12:21:24,970 - INFO - Ep.: 223, Score: 240.0, e: 0.86, Steps: 641, Avg Q-val: 11.87, replay: 100000, Mem Usage: 74.3%
2024-08-23 12:21:26,542 - INFO - Ep.: 224, Score: 190.0, e: 0.86, Steps: 749, Avg Q-val: 11.86, replay: 100000, Mem Usage: 74.3%
2024-08-23 12:21:27,639 - INFO - Ep.: 225, Score: 140.0, e: 0.86, Steps: 528, Avg Q-val: 11.96, replay: 100000, Mem Usage: 74.3%
2024-08-23 12:21:28,943 - INFO - Ep.: 226, Score: 210.0, e: 0.86, Steps: 627, Avg Q-val: 12.16, replay: 100000, Mem Usage: 74.3%
2024-08-23 12:21:32,589 - INFO - Step: 150000, Evaluation Score: 140.0
2024-08-23 12:21:32,590 - INFO - Ep.: 227, Score: 120.0, e: 0.86, Steps: 451, Avg Q-val: 11.99, replay: 100000, Mem Usage: 74.3%
2024-08-23 12:21:33,706 - INFO - Ep.: 228, Score: 140.0, e: 0.86, Steps: 534, Avg Q-val: 12.42, replay: 100000, Mem Usage: 74.3%
2024-08-23 12:21:34,937 - INFO - Ep.: 229, Score: 190.0, e: 0.86, Steps: 587, Avg Q-val: 12.38, replay: 100000, Mem Usage: 74.3%
2024-08-23 12:21:36,396 - INFO - Ep.: 230, Score: 310.0, e: 0.86, Steps: 705, Avg Q-val: 12.37, replay: 100000, Mem Usage: 74.3%
2024-08-23 12:21:37,535 - INFO - Ep.: 231, Score: 170.0, e: 0.86, Steps: 547, Avg Q-val: 13.32, replay: 100000, Mem Usage: 74.3%
2024-08-23 12:21:38,610 - INFO - Ep.: 232, Score: 330.0, e: 0.85, Steps: 518, Avg Q-val: 12.51, replay: 100000, Mem Usage: 74.3%
2024-08-23 12:21:39,917 - INFO - Ep.: 233, Score: 240.0, e: 0.85, Steps: 622, Avg Q-val: 12.47, replay: 100000, Mem Usage: 74.3%
2024-08-23 12:21:41,154 - INFO - Ep.: 234, Score: 190.0, e: 0.85, Steps: 588, Avg Q-val: 12.32, replay: 100000, Mem Usage: 74.3%
2024-08-23 12:21:42,223 - INFO - Ep.: 235, Score: 80.0, e: 0.85, Steps: 507, Avg Q-val: 12.53, replay: 100000, Mem Usage: 74.3%
2024-08-23 12:21:44,132 - INFO - Ep.: 236, Score: 240.0, e: 0.85, Steps: 917, Avg Q-val: 12.63, replay: 100000, Mem Usage: 74.3%
2024-08-23 12:21:45,770 - INFO - Ep.: 237, Score: 370.0, e: 0.85, Steps: 784, Avg Q-val: 12.75, replay: 100000, Mem Usage: 74.3%
2024-08-23 12:21:47,039 - INFO - Ep.: 238, Score: 180.0, e: 0.85, Steps: 605, Avg Q-val: 12.81, replay: 100000, Mem Usage: 74.3%
2024-08-23 12:21:48,119 - INFO - Ep.: 239, Score: 250.0, e: 0.85, Steps: 522, Avg Q-val: 12.95, replay: 100000, Mem Usage: 74.3%
2024-08-23 12:21:49,253 - INFO - Ep.: 240, Score: 240.0, e: 0.85, Steps: 537, Avg Q-val: 13.17, replay: 100000, Mem Usage: 74.3%
2024-08-23 12:21:50,562 - INFO - Ep.: 241, Score: 190.0, e: 0.85, Steps: 623, Avg Q-val: 12.90, replay: 100000, Mem Usage: 74.3%
2024-08-23 12:21:51,936 - INFO - Ep.: 242, Score: 250.0, e: 0.85, Steps: 653, Avg Q-val: 12.90, replay: 100000, Mem Usage: 74.3%
2024-08-23 12:21:53,013 - INFO - Ep.: 243, Score: 180.0, e: 0.85, Steps: 520, Avg Q-val: 12.84, replay: 100000, Mem Usage: 74.3%
2024-08-23 12:21:54,120 - INFO - Ep.: 244, Score: 160.0, e: 0.85, Steps: 530, Avg Q-val: 13.08, replay: 100000, Mem Usage: 74.3%
2024-08-23 12:21:55,535 - INFO - Ep.: 245, Score: 130.0, e: 0.85, Steps: 673, Avg Q-val: 13.40, replay: 100000, Mem Usage: 74.3%
2024-08-23 12:21:56,755 - INFO - Ep.: 246, Score: 140.0, e: 0.85, Steps: 561, Avg Q-val: 14.33, replay: 100000, Mem Usage: 74.3%
2024-08-23 12:21:58,240 - INFO - Ep.: 247, Score: 220.0, e: 0.85, Steps: 683, Avg Q-val: 13.33, replay: 100000, Mem Usage: 74.3%
2024-08-23 12:21:59,286 - INFO - Ep.: 248, Score: 160.0, e: 0.85, Steps: 482, Avg Q-val: 13.60, replay: 100000, Mem Usage: 74.3%
2024-08-23 12:22:00,316 - INFO - Ep.: 249, Score: 200.0, e: 0.84, Steps: 469, Avg Q-val: 13.38, replay: 100000, Mem Usage: 74.3%
2024-08-23 12:22:01,561 - INFO - Ep.: 250, Score: 250.0, e: 0.84, Steps: 588, Avg Q-val: 13.26, replay: 100000, Mem Usage: 74.3%
2024-08-23 12:22:03,348 - INFO - Ep.: 251, Score: 910.0, e: 0.84, Steps: 834, Avg Q-val: 13.89, replay: 100000, Mem Usage: 74.3%
2024-08-23 12:22:04,787 - INFO - Ep.: 252, Score: 240.0, e: 0.84, Steps: 661, Avg Q-val: 13.88, replay: 100000, Mem Usage: 74.3%
2024-08-23 12:22:06,240 - INFO - Ep.: 253, Score: 190.0, e: 0.84, Steps: 672, Avg Q-val: 14.34, replay: 100000, Mem Usage: 74.3%
2024-08-23 12:22:07,528 - INFO - Ep.: 254, Score: 170.0, e: 0.84, Steps: 604, Avg Q-val: 14.31, replay: 100000, Mem Usage: 74.3%
2024-08-23 12:22:09,251 - INFO - Ep.: 255, Score: 370.0, e: 0.84, Steps: 795, Avg Q-val: 14.46, replay: 100000, Mem Usage: 74.3%
2024-08-23 12:22:10,461 - INFO - Ep.: 256, Score: 190.0, e: 0.84, Steps: 557, Avg Q-val: 14.25, replay: 100000, Mem Usage: 74.3%
2024-08-23 12:22:12,155 - INFO - Ep.: 257, Score: 300.0, e: 0.84, Steps: 785, Avg Q-val: 14.39, replay: 100000, Mem Usage: 74.3%
2024-08-23 12:22:13,702 - INFO - Ep.: 258, Score: 290.0, e: 0.84, Steps: 721, Avg Q-val: 15.17, replay: 100000, Mem Usage: 74.3%
2024-08-23 12:22:15,212 - INFO - Ep.: 259, Score: 100.0, e: 0.84, Steps: 703, Avg Q-val: 14.23, replay: 100000, Mem Usage: 74.3%
2024-08-23 12:22:16,513 - INFO - Ep.: 260, Score: 120.0, e: 0.84, Steps: 607, Avg Q-val: 14.78, replay: 100000, Mem Usage: 74.3%
2024-08-23 12:22:17,813 - INFO - Ep.: 261, Score: 240.0, e: 0.84, Steps: 609, Avg Q-val: 14.66, replay: 100000, Mem Usage: 74.3%
2024-08-23 12:22:19,417 - INFO - Ep.: 262, Score: 300.0, e: 0.84, Steps: 752, Avg Q-val: 14.55, replay: 100000, Mem Usage: 74.3%
2024-08-23 12:22:20,830 - INFO - Ep.: 263, Score: 250.0, e: 0.84, Steps: 648, Avg Q-val: 14.48, replay: 100000, Mem Usage: 74.3%
2024-08-23 12:22:22,437 - INFO - Ep.: 264, Score: 280.0, e: 0.84, Steps: 762, Avg Q-val: 14.69, replay: 100000, Mem Usage: 74.3%
2024-08-23 12:22:23,947 - INFO - Ep.: 265, Score: 200.0, e: 0.83, Steps: 708, Avg Q-val: 14.72, replay: 100000, Mem Usage: 74.3%
2024-08-23 12:22:25,347 - INFO - Ep.: 266, Score: 270.0, e: 0.83, Steps: 648, Avg Q-val: 14.48, replay: 100000, Mem Usage: 74.3%
2024-08-23 12:22:26,910 - INFO - Ep.: 267, Score: 200.0, e: 0.83, Steps: 717, Avg Q-val: 14.92, replay: 100000, Mem Usage: 74.3%
2024-08-23 12:22:29,051 - INFO - Ep.: 268, Score: 350.0, e: 0.83, Steps: 982, Avg Q-val: 15.17, replay: 100000, Mem Usage: 74.3%
2024-08-23 12:22:30,678 - INFO - Ep.: 269, Score: 300.0, e: 0.83, Steps: 743, Avg Q-val: 14.86, replay: 100000, Mem Usage: 74.3%
2024-08-23 12:22:32,119 - INFO - Ep.: 270, Score: 220.0, e: 0.83, Steps: 671, Avg Q-val: 14.85, replay: 100000, Mem Usage: 74.3%
2024-08-23 12:22:33,922 - INFO - Ep.: 271, Score: 260.0, e: 0.83, Steps: 829, Avg Q-val: 15.09, replay: 100000, Mem Usage: 74.3%
2024-08-23 12:22:35,517 - INFO - Ep.: 272, Score: 290.0, e: 0.83, Steps: 732, Avg Q-val: 14.84, replay: 100000, Mem Usage: 74.3%
2024-08-23 12:22:36,627 - INFO - Ep.: 273, Score: 260.0, e: 0.83, Steps: 505, Avg Q-val: 15.23, replay: 100000, Mem Usage: 74.3%
2024-08-23 12:22:37,764 - INFO - Ep.: 274, Score: 170.0, e: 0.83, Steps: 530, Avg Q-val: 15.63, replay: 100000, Mem Usage: 74.3%
2024-08-23 12:22:39,119 - INFO - Ep.: 275, Score: 200.0, e: 0.83, Steps: 622, Avg Q-val: 15.39, replay: 100000, Mem Usage: 74.3%
2024-08-23 12:22:40,825 - INFO - Ep.: 276, Score: 290.0, e: 0.83, Steps: 785, Avg Q-val: 15.48, replay: 100000, Mem Usage: 74.3%
2024-08-23 12:22:42,290 - INFO - Ep.: 277, Score: 320.0, e: 0.83, Steps: 678, Avg Q-val: 15.20, replay: 100000, Mem Usage: 74.3%
2024-08-23 12:22:43,644 - INFO - Ep.: 278, Score: 140.0, e: 0.83, Steps: 618, Avg Q-val: 15.26, replay: 100000, Mem Usage: 74.3%
2024-08-23 12:22:44,804 - INFO - Ep.: 279, Score: 210.0, e: 0.83, Steps: 541, Avg Q-val: 15.56, replay: 100000, Mem Usage: 74.3%
2024-08-23 12:22:46,507 - INFO - Ep.: 280, Score: 150.0, e: 0.82, Steps: 778, Avg Q-val: 15.63, replay: 100000, Mem Usage: 74.3%
2024-08-23 12:22:47,968 - INFO - Ep.: 281, Score: 270.0, e: 0.82, Steps: 670, Avg Q-val: 15.64, replay: 100000, Mem Usage: 74.3%
2024-08-23 12:22:49,607 - INFO - Ep.: 282, Score: 300.0, e: 0.82, Steps: 753, Avg Q-val: 15.77, replay: 100000, Mem Usage: 74.3%
2024-08-23 12:22:51,145 - INFO - Ep.: 283, Score: 250.0, e: 0.82, Steps: 711, Avg Q-val: 15.66, replay: 100000, Mem Usage: 74.3%
2024-08-23 12:22:52,644 - INFO - Ep.: 284, Score: 230.0, e: 0.82, Steps: 687, Avg Q-val: 15.94, replay: 100000, Mem Usage: 74.3%
2024-08-23 12:22:53,858 - INFO - Ep.: 285, Score: 130.0, e: 0.82, Steps: 555, Avg Q-val: 15.76, replay: 100000, Mem Usage: 74.3%
2024-08-23 12:22:55,180 - INFO - Ep.: 286, Score: 210.0, e: 0.82, Steps: 610, Avg Q-val: 16.07, replay: 100000, Mem Usage: 74.3%
2024-08-23 12:22:56,857 - INFO - Ep.: 287, Score: 290.0, e: 0.82, Steps: 771, Avg Q-val: 15.58, replay: 100000, Mem Usage: 74.3%
2024-08-23 12:22:58,030 - INFO - Ep.: 288, Score: 160.0, e: 0.82, Steps: 540, Avg Q-val: 15.77, replay: 100000, Mem Usage: 74.3%
2024-08-23 12:22:59,693 - INFO - Ep.: 289, Score: 280.0, e: 0.82, Steps: 766, Avg Q-val: 15.66, replay: 100000, Mem Usage: 74.3%
2024-08-23 12:23:01,015 - INFO - Ep.: 290, Score: 230.0, e: 0.82, Steps: 606, Avg Q-val: 16.41, replay: 100000, Mem Usage: 74.3%
2024-08-23 12:23:02,510 - INFO - Ep.: 291, Score: 240.0, e: 0.82, Steps: 694, Avg Q-val: 16.35, replay: 100000, Mem Usage: 74.3%
2024-08-23 12:23:03,723 - INFO - Ep.: 292, Score: 170.0, e: 0.82, Steps: 554, Avg Q-val: 16.72, replay: 100000, Mem Usage: 74.3%
2024-08-23 12:23:05,116 - INFO - Ep.: 293, Score: 310.0, e: 0.82, Steps: 649, Avg Q-val: 16.27, replay: 100000, Mem Usage: 74.3%
2024-08-23 12:23:06,366 - INFO - Ep.: 294, Score: 230.0, e: 0.82, Steps: 573, Avg Q-val: 16.68, replay: 100000, Mem Usage: 74.3%
2024-08-23 12:23:07,582 - INFO - Ep.: 295, Score: 160.0, e: 0.82, Steps: 557, Avg Q-val: 16.32, replay: 100000, Mem Usage: 74.3%
2024-08-23 12:23:09,079 - INFO - Ep.: 296, Score: 220.0, e: 0.81, Steps: 691, Avg Q-val: 16.19, replay: 100000, Mem Usage: 74.3%
2024-08-23 12:23:10,459 - INFO - Ep.: 297, Score: 230.0, e: 0.81, Steps: 631, Avg Q-val: 16.95, replay: 100000, Mem Usage: 74.3%
2024-08-23 12:23:12,046 - INFO - Ep.: 298, Score: 250.0, e: 0.81, Steps: 734, Avg Q-val: 17.17, replay: 100000, Mem Usage: 74.3%
2024-08-23 12:23:14,374 - INFO - Ep.: 299, Score: 410.0, e: 0.81, Steps: 1081, Avg Q-val: 17.15, replay: 100000, Mem Usage: 74.3%
2024-08-23 12:23:15,648 - INFO - Ep.: 300, Score: 230.0, e: 0.81, Steps: 583, Avg Q-val: 17.17, replay: 100000, Mem Usage: 74.3%
2024-08-23 12:23:16,588 - INFO - Ep.: 301, Score: 150.0, e: 0.81, Steps: 433, Avg Q-val: 17.33, replay: 100000, Mem Usage: 74.3%
2024-08-23 12:23:18,081 - INFO - Ep.: 302, Score: 250.0, e: 0.81, Steps: 693, Avg Q-val: 16.95, replay: 100000, Mem Usage: 74.3%
2024-08-23 12:23:19,388 - INFO - Ep.: 303, Score: 250.0, e: 0.81, Steps: 604, Avg Q-val: 16.97, replay: 100000, Mem Usage: 74.3%
2024-08-23 12:23:20,030 - INFO - Total steps: 200000
2024-08-23 12:23:22,034 - INFO - Step: 200000, Evaluation Score: 0.0
2024-08-23 12:23:22,034 - INFO - Ep.: 304, Score: 80.0, e: 0.81, Steps: 302, Avg Q-val: 17.76, replay: 100000, Mem Usage: 74.3%
2024-08-23 12:23:23,496 - INFO - Ep.: 305, Score: 150.0, e: 0.81, Steps: 675, Avg Q-val: 16.94, replay: 100000, Mem Usage: 74.3%
2024-08-23 12:23:24,893 - INFO - Ep.: 306, Score: 220.0, e: 0.81, Steps: 650, Avg Q-val: 17.27, replay: 100000, Mem Usage: 74.3%
2024-08-23 12:23:26,174 - INFO - Ep.: 307, Score: 180.0, e: 0.81, Steps: 588, Avg Q-val: 17.49, replay: 100000, Mem Usage: 74.3%
2024-08-23 12:23:27,490 - INFO - Ep.: 308, Score: 200.0, e: 0.81, Steps: 603, Avg Q-val: 17.69, replay: 100000, Mem Usage: 74.3%
2024-08-23 12:23:28,884 - INFO - Ep.: 309, Score: 200.0, e: 0.81, Steps: 641, Avg Q-val: 16.70, replay: 100000, Mem Usage: 74.3%
2024-08-23 12:23:30,176 - INFO - Ep.: 310, Score: 180.0, e: 0.81, Steps: 600, Avg Q-val: 17.48, replay: 100000, Mem Usage: 74.3%
2024-08-23 12:23:31,631 - INFO - Ep.: 311, Score: 290.0, e: 0.81, Steps: 665, Avg Q-val: 17.92, replay: 100000, Mem Usage: 74.3%
2024-08-23 12:23:33,260 - INFO - Ep.: 312, Score: 260.0, e: 0.81, Steps: 759, Avg Q-val: 17.30, replay: 100000, Mem Usage: 74.3%
2024-08-23 12:23:34,648 - INFO - Ep.: 313, Score: 200.0, e: 0.80, Steps: 630, Avg Q-val: 17.81, replay: 100000, Mem Usage: 74.3%
2024-08-23 12:23:35,907 - INFO - Ep.: 314, Score: 260.0, e: 0.80, Steps: 585, Avg Q-val: 18.21, replay: 100000, Mem Usage: 74.3%
2024-08-23 12:23:37,537 - INFO - Ep.: 315, Score: 160.0, e: 0.80, Steps: 747, Avg Q-val: 18.27, replay: 100000, Mem Usage: 74.3%
2024-08-23 12:23:38,533 - INFO - Ep.: 316, Score: 180.0, e: 0.80, Steps: 459, Avg Q-val: 17.83, replay: 100000, Mem Usage: 74.3%
2024-08-23 12:23:40,125 - INFO - Ep.: 317, Score: 200.0, e: 0.80, Steps: 733, Avg Q-val: 17.31, replay: 100000, Mem Usage: 74.3%
2024-08-23 12:23:41,583 - INFO - Ep.: 318, Score: 290.0, e: 0.80, Steps: 676, Avg Q-val: 17.85, replay: 100000, Mem Usage: 74.3%
2024-08-23 12:23:42,870 - INFO - Ep.: 319, Score: 280.0, e: 0.80, Steps: 599, Avg Q-val: 17.54, replay: 100000, Mem Usage: 74.3%
2024-08-23 12:23:43,850 - INFO - Ep.: 320, Score: 210.0, e: 0.80, Steps: 445, Avg Q-val: 18.21, replay: 100000, Mem Usage: 74.3%
2024-08-23 12:23:44,987 - INFO - Ep.: 321, Score: 200.0, e: 0.80, Steps: 525, Avg Q-val: 18.42, replay: 100000, Mem Usage: 74.3%
2024-08-23 12:23:46,390 - INFO - Ep.: 322, Score: 310.0, e: 0.80, Steps: 647, Avg Q-val: 18.49, replay: 100000, Mem Usage: 74.3%
2024-08-23 12:23:48,388 - INFO - Ep.: 323, Score: 200.0, e: 0.80, Steps: 876, Avg Q-val: 17.30, replay: 100000, Mem Usage: 74.3%
2024-08-23 12:23:50,764 - INFO - Ep.: 324, Score: 420.0, e: 0.80, Steps: 1095, Avg Q-val: 18.82, replay: 100000, Mem Usage: 74.3%
2024-08-23 12:23:52,358 - INFO - Ep.: 325, Score: 280.0, e: 0.80, Steps: 727, Avg Q-val: 18.33, replay: 100000, Mem Usage: 74.3%
2024-08-23 12:23:53,644 - INFO - Ep.: 326, Score: 190.0, e: 0.80, Steps: 589, Avg Q-val: 19.01, replay: 100000, Mem Usage: 74.3%
2024-08-23 12:23:54,720 - INFO - Ep.: 327, Score: 150.0, e: 0.80, Steps: 498, Avg Q-val: 19.73, replay: 100000, Mem Usage: 74.3%
2024-08-23 12:23:56,169 - INFO - Ep.: 328, Score: 300.0, e: 0.80, Steps: 673, Avg Q-val: 19.19, replay: 100000, Mem Usage: 74.3%
2024-08-23 12:23:57,560 - INFO - Ep.: 329, Score: 220.0, e: 0.79, Steps: 647, Avg Q-val: 19.17, replay: 100000, Mem Usage: 74.3%
2024-08-23 12:23:59,626 - INFO - Ep.: 330, Score: 280.0, e: 0.79, Steps: 951, Avg Q-val: 19.18, replay: 100000, Mem Usage: 74.3%
2024-08-23 12:24:00,703 - INFO - Ep.: 331, Score: 130.0, e: 0.79, Steps: 504, Avg Q-val: 18.90, replay: 100000, Mem Usage: 74.3%
2024-08-23 12:24:02,161 - INFO - Ep.: 332, Score: 220.0, e: 0.79, Steps: 671, Avg Q-val: 19.42, replay: 100000, Mem Usage: 74.3%
2024-08-23 12:24:03,435 - INFO - Ep.: 333, Score: 200.0, e: 0.79, Steps: 583, Avg Q-val: 18.57, replay: 100000, Mem Usage: 74.3%
2024-08-23 12:24:04,778 - INFO - Ep.: 334, Score: 330.0, e: 0.79, Steps: 623, Avg Q-val: 18.41, replay: 100000, Mem Usage: 74.3%
2024-08-23 12:24:05,991 - INFO - Ep.: 335, Score: 130.0, e: 0.79, Steps: 564, Avg Q-val: 19.44, replay: 100000, Mem Usage: 74.3%
2024-08-23 12:24:07,484 - INFO - Ep.: 336, Score: 190.0, e: 0.79, Steps: 697, Avg Q-val: 18.66, replay: 100000, Mem Usage: 74.3%
2024-08-23 12:24:08,978 - INFO - Ep.: 337, Score: 180.0, e: 0.79, Steps: 682, Avg Q-val: 20.05, replay: 100000, Mem Usage: 74.3%
2024-08-23 12:24:11,363 - INFO - Ep.: 338, Score: 840.0, e: 0.79, Steps: 1100, Avg Q-val: 19.28, replay: 100000, Mem Usage: 74.3%
2024-08-23 12:24:12,649 - INFO - Ep.: 339, Score: 220.0, e: 0.79, Steps: 601, Avg Q-val: 19.01, replay: 100000, Mem Usage: 74.3%
2024-08-23 12:24:14,644 - INFO - Ep.: 340, Score: 370.0, e: 0.79, Steps: 917, Avg Q-val: 19.67, replay: 100000, Mem Usage: 74.3%
2024-08-23 12:24:16,111 - INFO - Ep.: 341, Score: 240.0, e: 0.79, Steps: 680, Avg Q-val: 18.58, replay: 100000, Mem Usage: 74.3%
2024-08-23 12:24:17,978 - INFO - Ep.: 342, Score: 230.0, e: 0.79, Steps: 854, Avg Q-val: 19.84, replay: 100000, Mem Usage: 74.3%
2024-08-23 12:24:19,171 - INFO - Ep.: 343, Score: 70.0, e: 0.79, Steps: 550, Avg Q-val: 21.40, replay: 100000, Mem Usage: 74.3%
2024-08-23 12:24:20,762 - INFO - Ep.: 344, Score: 280.0, e: 0.78, Steps: 739, Avg Q-val: 19.90, replay: 100000, Mem Usage: 74.3%
2024-08-23 12:24:22,150 - INFO - Ep.: 345, Score: 320.0, e: 0.78, Steps: 645, Avg Q-val: 20.07, replay: 100000, Mem Usage: 74.3%
2024-08-23 12:24:23,811 - INFO - Ep.: 346, Score: 310.0, e: 0.78, Steps: 765, Avg Q-val: 20.20, replay: 100000, Mem Usage: 74.3%
2024-08-23 12:24:25,198 - INFO - Ep.: 347, Score: 200.0, e: 0.78, Steps: 643, Avg Q-val: 20.34, replay: 100000, Mem Usage: 74.3%
2024-08-23 12:24:26,431 - INFO - Ep.: 348, Score: 200.0, e: 0.78, Steps: 564, Avg Q-val: 19.41, replay: 100000, Mem Usage: 74.3%
2024-08-23 12:24:28,340 - INFO - Ep.: 349, Score: 320.0, e: 0.78, Steps: 881, Avg Q-val: 19.22, replay: 100000, Mem Usage: 74.3%
2024-08-23 12:24:29,863 - INFO - Ep.: 350, Score: 330.0, e: 0.78, Steps: 706, Avg Q-val: 20.44, replay: 100000, Mem Usage: 74.3%
2024-08-23 12:24:31,396 - INFO - Ep.: 351, Score: 230.0, e: 0.78, Steps: 703, Avg Q-val: 20.24, replay: 100000, Mem Usage: 74.3%
2024-08-23 12:24:32,312 - INFO - Ep.: 352, Score: 230.0, e: 0.78, Steps: 426, Avg Q-val: 21.15, replay: 100000, Mem Usage: 74.3%
2024-08-23 12:24:33,562 - INFO - Ep.: 353, Score: 240.0, e: 0.78, Steps: 574, Avg Q-val: 20.54, replay: 100000, Mem Usage: 74.3%
2024-08-23 12:24:34,871 - INFO - Ep.: 354, Score: 270.0, e: 0.78, Steps: 600, Avg Q-val: 19.84, replay: 100000, Mem Usage: 74.3%
2024-08-23 12:24:36,296 - INFO - Ep.: 355, Score: 170.0, e: 0.78, Steps: 657, Avg Q-val: 19.41, replay: 100000, Mem Usage: 74.3%
2024-08-23 12:24:37,579 - INFO - Ep.: 356, Score: 180.0, e: 0.78, Steps: 587, Avg Q-val: 20.55, replay: 100000, Mem Usage: 74.3%
2024-08-23 12:24:39,175 - INFO - Ep.: 357, Score: 230.0, e: 0.78, Steps: 736, Avg Q-val: 19.80, replay: 100000, Mem Usage: 74.3%
2024-08-23 12:24:40,877 - INFO - Ep.: 358, Score: 220.0, e: 0.78, Steps: 784, Avg Q-val: 20.22, replay: 100000, Mem Usage: 74.3%
2024-08-23 12:24:42,146 - INFO - Ep.: 359, Score: 200.0, e: 0.77, Steps: 587, Avg Q-val: 20.98, replay: 100000, Mem Usage: 74.3%
2024-08-23 12:24:43,701 - INFO - Ep.: 360, Score: 160.0, e: 0.77, Steps: 711, Avg Q-val: 21.26, replay: 100000, Mem Usage: 74.3%
2024-08-23 12:24:44,949 - INFO - Ep.: 361, Score: 180.0, e: 0.77, Steps: 574, Avg Q-val: 21.75, replay: 100000, Mem Usage: 74.3%
2024-08-23 12:24:47,265 - INFO - Ep.: 362, Score: 410.0, e: 0.77, Steps: 1073, Avg Q-val: 20.26, replay: 100000, Mem Usage: 74.3%
2024-08-23 12:24:48,903 - INFO - Ep.: 363, Score: 320.0, e: 0.77, Steps: 754, Avg Q-val: 20.76, replay: 100000, Mem Usage: 74.3%
2024-08-23 12:24:50,886 - INFO - Ep.: 364, Score: 230.0, e: 0.77, Steps: 923, Avg Q-val: 21.78, replay: 100000, Mem Usage: 74.3%
2024-08-23 12:24:52,412 - INFO - Ep.: 365, Score: 340.0, e: 0.77, Steps: 695, Avg Q-val: 21.76, replay: 100000, Mem Usage: 74.3%
2024-08-23 12:24:54,212 - INFO - Ep.: 366, Score: 400.0, e: 0.77, Steps: 830, Avg Q-val: 20.51, replay: 100000, Mem Usage: 74.3%
2024-08-23 12:24:55,509 - INFO - Ep.: 367, Score: 250.0, e: 0.77, Steps: 596, Avg Q-val: 22.12, replay: 100000, Mem Usage: 74.3%
2024-08-23 12:24:57,250 - INFO - Ep.: 368, Score: 330.0, e: 0.77, Steps: 800, Avg Q-val: 21.65, replay: 100000, Mem Usage: 74.3%
2024-08-23 12:24:58,572 - INFO - Ep.: 369, Score: 250.0, e: 0.77, Steps: 610, Avg Q-val: 21.46, replay: 100000, Mem Usage: 74.3%
2024-08-23 12:25:00,164 - INFO - Ep.: 370, Score: 300.0, e: 0.77, Steps: 737, Avg Q-val: 21.97, replay: 100000, Mem Usage: 74.3%
2024-08-23 12:25:01,824 - INFO - Ep.: 371, Score: 260.0, e: 0.77, Steps: 765, Avg Q-val: 21.72, replay: 100000, Mem Usage: 74.3%
2024-08-23 12:25:03,015 - INFO - Ep.: 372, Score: 160.0, e: 0.77, Steps: 552, Avg Q-val: 22.69, replay: 100000, Mem Usage: 74.3%
2024-08-23 12:25:04,443 - INFO - Ep.: 373, Score: 160.0, e: 0.77, Steps: 642, Avg Q-val: 22.45, replay: 100000, Mem Usage: 74.3%
2024-08-23 12:25:05,735 - INFO - Ep.: 374, Score: 160.0, e: 0.76, Steps: 598, Avg Q-val: 24.05, replay: 100000, Mem Usage: 74.3%
2024-08-23 12:25:07,191 - INFO - Ep.: 375, Score: 270.0, e: 0.76, Steps: 674, Avg Q-val: 22.01, replay: 100000, Mem Usage: 74.3%
2024-08-23 12:25:08,308 - INFO - Ep.: 376, Score: 230.0, e: 0.76, Steps: 518, Avg Q-val: 22.14, replay: 100000, Mem Usage: 74.3%
2024-08-23 12:25:10,276 - INFO - Ep.: 377, Score: 230.0, e: 0.76, Steps: 900, Avg Q-val: 21.67, replay: 100000, Mem Usage: 74.3%
2024-08-23 12:25:12,616 - INFO - Step: 250000, Evaluation Score: 40.0
2024-08-23 12:25:12,617 - INFO - Ep.: 378, Score: 50.0, e: 0.76, Steps: 142, Avg Q-val: 23.26, replay: 100000, Mem Usage: 74.3%
2024-08-23 12:25:14,163 - INFO - Ep.: 379, Score: 190.0, e: 0.76, Steps: 718, Avg Q-val: 21.84, replay: 100000, Mem Usage: 74.3%
2024-08-23 12:25:16,167 - INFO - Ep.: 380, Score: 410.0, e: 0.76, Steps: 913, Avg Q-val: 22.09, replay: 100000, Mem Usage: 74.3%
2024-08-23 12:25:17,738 - INFO - Ep.: 381, Score: 270.0, e: 0.76, Steps: 723, Avg Q-val: 22.37, replay: 100000, Mem Usage: 74.3%
2024-08-23 12:25:19,130 - INFO - Ep.: 382, Score: 240.0, e: 0.76, Steps: 643, Avg Q-val: 22.56, replay: 100000, Mem Usage: 74.3%
2024-08-23 12:25:20,272 - INFO - Ep.: 383, Score: 200.0, e: 0.76, Steps: 522, Avg Q-val: 23.09, replay: 100000, Mem Usage: 74.3%
2024-08-23 12:25:21,493 - INFO - Ep.: 384, Score: 220.0, e: 0.76, Steps: 565, Avg Q-val: 22.72, replay: 100000, Mem Usage: 74.3%
2024-08-23 12:25:23,441 - INFO - Ep.: 385, Score: 310.0, e: 0.76, Steps: 903, Avg Q-val: 22.33, replay: 100000, Mem Usage: 74.3%
2024-08-23 12:25:25,615 - INFO - Ep.: 386, Score: 480.0, e: 0.76, Steps: 1002, Avg Q-val: 21.64, replay: 100000, Mem Usage: 74.3%
2024-08-23 12:25:27,281 - INFO - Ep.: 387, Score: 310.0, e: 0.76, Steps: 774, Avg Q-val: 23.65, replay: 100000, Mem Usage: 74.3%
2024-08-23 12:25:28,494 - INFO - Ep.: 388, Score: 180.0, e: 0.76, Steps: 549, Avg Q-val: 22.49, replay: 100000, Mem Usage: 74.3%
2024-08-23 12:25:29,956 - INFO - Ep.: 389, Score: 260.0, e: 0.75, Steps: 674, Avg Q-val: 21.86, replay: 100000, Mem Usage: 74.3%
2024-08-23 12:25:31,812 - INFO - Ep.: 390, Score: 290.0, e: 0.75, Steps: 858, Avg Q-val: 23.39, replay: 100000, Mem Usage: 74.3%
2024-08-23 12:25:33,266 - INFO - Ep.: 391, Score: 240.0, e: 0.75, Steps: 667, Avg Q-val: 22.58, replay: 100000, Mem Usage: 74.3%
2024-08-23 12:25:34,832 - INFO - Ep.: 392, Score: 360.0, e: 0.75, Steps: 722, Avg Q-val: 23.03, replay: 100000, Mem Usage: 74.3%
2024-08-23 12:25:36,388 - INFO - Ep.: 393, Score: 330.0, e: 0.75, Steps: 719, Avg Q-val: 23.81, replay: 100000, Mem Usage: 74.3%
2024-08-23 12:25:37,849 - INFO - Ep.: 394, Score: 290.0, e: 0.75, Steps: 665, Avg Q-val: 23.83, replay: 100000, Mem Usage: 74.3%
2024-08-23 12:25:39,143 - INFO - Ep.: 395, Score: 210.0, e: 0.75, Steps: 599, Avg Q-val: 25.14, replay: 100000, Mem Usage: 74.3%
2024-08-23 12:25:40,290 - INFO - Ep.: 396, Score: 190.0, e: 0.75, Steps: 525, Avg Q-val: 24.15, replay: 100000, Mem Usage: 74.3%
2024-08-23 12:25:41,755 - INFO - Ep.: 397, Score: 230.0, e: 0.75, Steps: 670, Avg Q-val: 24.29, replay: 100000, Mem Usage: 74.3%
2024-08-23 12:25:42,991 - INFO - Ep.: 398, Score: 170.0, e: 0.75, Steps: 570, Avg Q-val: 23.70, replay: 100000, Mem Usage: 74.3%
2024-08-23 12:25:44,583 - INFO - Ep.: 399, Score: 280.0, e: 0.75, Steps: 723, Avg Q-val: 23.79, replay: 100000, Mem Usage: 74.3%
2024-08-23 12:25:45,638 - INFO - Ep.: 400, Score: 210.0, e: 0.75, Steps: 482, Avg Q-val: 24.26, replay: 100000, Mem Usage: 74.3%
2024-08-23 12:25:47,258 - INFO - Ep.: 401, Score: 270.0, e: 0.75, Steps: 581, Avg Q-val: 25.09, replay: 100000, Mem Usage: 74.3%
2024-08-23 12:25:48,417 - INFO - Ep.: 402, Score: 200.0, e: 0.75, Steps: 534, Avg Q-val: 22.93, replay: 100000, Mem Usage: 74.3%
2024-08-23 12:25:50,226 - INFO - Ep.: 403, Score: 370.0, e: 0.75, Steps: 823, Avg Q-val: 24.69, replay: 100000, Mem Usage: 74.3%
2024-08-23 12:25:52,069 - INFO - Ep.: 404, Score: 350.0, e: 0.75, Steps: 845, Avg Q-val: 22.65, replay: 100000, Mem Usage: 74.3%
2024-08-23 12:25:53,543 - INFO - Ep.: 405, Score: 250.0, e: 0.74, Steps: 685, Avg Q-val: 24.89, replay: 100000, Mem Usage: 74.3%
2024-08-23 12:25:54,717 - INFO - Ep.: 406, Score: 170.0, e: 0.74, Steps: 530, Avg Q-val: 23.61, replay: 100000, Mem Usage: 74.3%
2024-08-23 12:25:56,348 - INFO - Ep.: 407, Score: 250.0, e: 0.74, Steps: 710, Avg Q-val: 24.96, replay: 100000, Mem Usage: 74.3%
2024-08-23 12:25:57,717 - INFO - Ep.: 408, Score: 220.0, e: 0.74, Steps: 615, Avg Q-val: 24.92, replay: 100000, Mem Usage: 74.3%
2024-08-23 12:25:58,967 - INFO - Ep.: 409, Score: 170.0, e: 0.74, Steps: 555, Avg Q-val: 25.65, replay: 100000, Mem Usage: 74.3%
2024-08-23 12:26:00,212 - INFO - Ep.: 410, Score: 230.0, e: 0.74, Steps: 566, Avg Q-val: 25.05, replay: 100000, Mem Usage: 74.3%
2024-08-23 12:26:02,517 - INFO - Ep.: 411, Score: 380.0, e: 0.74, Steps: 1050, Avg Q-val: 24.34, replay: 100000, Mem Usage: 74.3%
2024-08-23 12:26:03,849 - INFO - Ep.: 412, Score: 230.0, e: 0.74, Steps: 606, Avg Q-val: 24.26, replay: 100000, Mem Usage: 74.3%
2024-08-23 12:26:05,180 - INFO - Ep.: 413, Score: 200.0, e: 0.74, Steps: 606, Avg Q-val: 24.32, replay: 100000, Mem Usage: 74.3%
2024-08-23 12:26:06,165 - INFO - Ep.: 414, Score: 140.0, e: 0.74, Steps: 443, Avg Q-val: 24.93, replay: 100000, Mem Usage: 74.3%
2024-08-23 12:26:07,107 - INFO - Ep.: 415, Score: 200.0, e: 0.74, Steps: 433, Avg Q-val: 25.74, replay: 100000, Mem Usage: 74.3%
2024-08-23 12:26:08,789 - INFO - Ep.: 416, Score: 380.0, e: 0.74, Steps: 779, Avg Q-val: 24.40, replay: 100000, Mem Usage: 74.3%
2024-08-23 12:26:09,914 - INFO - Ep.: 417, Score: 120.0, e: 0.74, Steps: 502, Avg Q-val: 25.21, replay: 100000, Mem Usage: 74.3%
2024-08-23 12:26:11,398 - INFO - Ep.: 418, Score: 220.0, e: 0.74, Steps: 681, Avg Q-val: 26.12, replay: 100000, Mem Usage: 74.3%
2024-08-23 12:26:13,163 - INFO - Ep.: 419, Score: 300.0, e: 0.74, Steps: 802, Avg Q-val: 25.68, replay: 100000, Mem Usage: 74.3%
2024-08-23 12:26:14,596 - INFO - Ep.: 420, Score: 320.0, e: 0.74, Steps: 653, Avg Q-val: 26.31, replay: 100000, Mem Usage: 74.3%
2024-08-23 12:26:15,778 - INFO - Ep.: 421, Score: 230.0, e: 0.74, Steps: 537, Avg Q-val: 25.79, replay: 100000, Mem Usage: 74.3%
2024-08-23 12:26:17,536 - INFO - Ep.: 422, Score: 310.0, e: 0.73, Steps: 805, Avg Q-val: 26.64, replay: 100000, Mem Usage: 74.3%
2024-08-23 12:26:18,663 - INFO - Ep.: 423, Score: 200.0, e: 0.73, Steps: 508, Avg Q-val: 26.36, replay: 100000, Mem Usage: 74.3%
2024-08-23 12:26:19,898 - INFO - Ep.: 424, Score: 170.0, e: 0.73, Steps: 557, Avg Q-val: 25.67, replay: 100000, Mem Usage: 74.3%
2024-08-23 12:26:21,784 - INFO - Ep.: 425, Score: 340.0, e: 0.73, Steps: 863, Avg Q-val: 25.13, replay: 100000, Mem Usage: 74.3%
2024-08-23 12:26:22,922 - INFO - Ep.: 426, Score: 210.0, e: 0.73, Steps: 526, Avg Q-val: 26.28, replay: 100000, Mem Usage: 74.3%
2024-08-23 12:26:24,362 - INFO - Ep.: 427, Score: 180.0, e: 0.73, Steps: 646, Avg Q-val: 25.16, replay: 100000, Mem Usage: 74.3%
2024-08-23 12:26:25,883 - INFO - Ep.: 428, Score: 250.0, e: 0.73, Steps: 699, Avg Q-val: 26.47, replay: 100000, Mem Usage: 74.3%
2024-08-23 12:26:27,292 - INFO - Ep.: 429, Score: 250.0, e: 0.73, Steps: 639, Avg Q-val: 24.50, replay: 100000, Mem Usage: 74.3%
2024-08-23 12:26:29,286 - INFO - Ep.: 430, Score: 410.0, e: 0.73, Steps: 921, Avg Q-val: 23.58, replay: 100000, Mem Usage: 74.3%
2024-08-23 12:26:30,710 - INFO - Ep.: 431, Score: 300.0, e: 0.73, Steps: 654, Avg Q-val: 25.71, replay: 100000, Mem Usage: 74.3%
2024-08-23 12:26:32,067 - INFO - Ep.: 432, Score: 170.0, e: 0.73, Steps: 622, Avg Q-val: 25.44, replay: 100000, Mem Usage: 74.3%
2024-08-23 12:26:33,735 - INFO - Ep.: 433, Score: 310.0, e: 0.73, Steps: 766, Avg Q-val: 25.25, replay: 100000, Mem Usage: 74.3%
2024-08-23 12:26:36,014 - INFO - Ep.: 434, Score: 570.0, e: 0.73, Steps: 1066, Avg Q-val: 24.34, replay: 100000, Mem Usage: 74.3%
2024-08-23 12:26:37,368 - INFO - Ep.: 435, Score: 220.0, e: 0.73, Steps: 617, Avg Q-val: 26.71, replay: 100000, Mem Usage: 74.3%
2024-08-23 12:26:38,512 - INFO - Ep.: 436, Score: 170.0, e: 0.73, Steps: 517, Avg Q-val: 26.53, replay: 100000, Mem Usage: 74.3%
2024-08-23 12:26:39,725 - INFO - Ep.: 437, Score: 150.0, e: 0.72, Steps: 543, Avg Q-val: 26.10, replay: 100000, Mem Usage: 74.3%
2024-08-23 12:26:41,230 - INFO - Ep.: 438, Score: 320.0, e: 0.72, Steps: 679, Avg Q-val: 26.25, replay: 100000, Mem Usage: 74.3%
2024-08-23 12:26:42,355 - INFO - Ep.: 439, Score: 170.0, e: 0.72, Steps: 503, Avg Q-val: 26.65, replay: 100000, Mem Usage: 74.3%
2024-08-23 12:26:43,383 - INFO - Ep.: 440, Score: 170.0, e: 0.72, Steps: 470, Avg Q-val: 27.47, replay: 100000, Mem Usage: 74.3%
2024-08-23 12:26:44,615 - INFO - Ep.: 441, Score: 140.0, e: 0.72, Steps: 554, Avg Q-val: 26.91, replay: 100000, Mem Usage: 74.3%
2024-08-23 12:26:46,274 - INFO - Ep.: 442, Score: 290.0, e: 0.72, Steps: 746, Avg Q-val: 26.30, replay: 100000, Mem Usage: 74.3%
2024-08-23 12:26:47,637 - INFO - Ep.: 443, Score: 210.0, e: 0.72, Steps: 616, Avg Q-val: 26.30, replay: 100000, Mem Usage: 74.3%
2024-08-23 12:26:49,384 - INFO - Ep.: 444, Score: 250.0, e: 0.72, Steps: 780, Avg Q-val: 26.44, replay: 100000, Mem Usage: 74.3%
2024-08-23 12:26:50,570 - INFO - Ep.: 445, Score: 150.0, e: 0.72, Steps: 526, Avg Q-val: 27.50, replay: 100000, Mem Usage: 74.3%
2024-08-23 12:26:51,895 - INFO - Ep.: 446, Score: 300.0, e: 0.72, Steps: 596, Avg Q-val: 25.61, replay: 100000, Mem Usage: 74.3%
2024-08-23 12:26:52,823 - INFO - Ep.: 447, Score: 110.0, e: 0.72, Steps: 424, Avg Q-val: 27.31, replay: 100000, Mem Usage: 74.3%
2024-08-23 12:26:54,903 - INFO - Ep.: 448, Score: 350.0, e: 0.72, Steps: 818, Avg Q-val: 26.87, replay: 100000, Mem Usage: 74.4%
2024-08-23 12:26:56,223 - INFO - Ep.: 449, Score: 290.0, e: 0.72, Steps: 517, Avg Q-val: 27.97, replay: 100000, Mem Usage: 74.5%
2024-08-23 12:26:58,158 - INFO - Ep.: 450, Score: 300.0, e: 0.72, Steps: 707, Avg Q-val: 27.44, replay: 100000, Mem Usage: 74.7%
2024-08-23 12:27:00,047 - INFO - Ep.: 451, Score: 290.0, e: 0.72, Steps: 693, Avg Q-val: 27.88, replay: 100000, Mem Usage: 74.9%
2024-08-23 12:27:02,030 - INFO - Ep.: 452, Score: 220.0, e: 0.72, Steps: 737, Avg Q-val: 27.01, replay: 100000, Mem Usage: 75.2%
2024-08-23 12:27:04,009 - INFO - Ep.: 453, Score: 270.0, e: 0.72, Steps: 716, Avg Q-val: 27.28, replay: 100000, Mem Usage: 75.5%
2024-08-23 12:27:04,683 - INFO - Total steps: 300000
2024-08-23 12:27:07,383 - INFO - Step: 300000, Evaluation Score: 160.0
2024-08-23 12:27:07,383 - INFO - Ep.: 454, Score: 150.0, e: 0.72, Steps: 247, Avg Q-val: 27.59, replay: 100000, Mem Usage: 76.0%
2024-08-23 12:27:09,000 - INFO - Ep.: 455, Score: 210.0, e: 0.71, Steps: 603, Avg Q-val: 29.22, replay: 100000, Mem Usage: 76.3%
2024-08-23 12:27:11,113 - INFO - Ep.: 456, Score: 370.0, e: 0.71, Steps: 782, Avg Q-val: 27.15, replay: 100000, Mem Usage: 76.6%
2024-08-23 12:27:12,728 - INFO - Ep.: 457, Score: 290.0, e: 0.71, Steps: 595, Avg Q-val: 26.79, replay: 100000, Mem Usage: 76.8%
2024-08-23 12:27:14,868 - INFO - Ep.: 458, Score: 300.0, e: 0.71, Steps: 762, Avg Q-val: 27.91, replay: 100000, Mem Usage: 77.1%
2024-08-23 12:27:16,810 - INFO - Ep.: 459, Score: 210.0, e: 0.71, Steps: 714, Avg Q-val: 27.79, replay: 100000, Mem Usage: 77.4%
2024-08-23 12:27:18,570 - INFO - Ep.: 460, Score: 300.0, e: 0.71, Steps: 652, Avg Q-val: 27.03, replay: 100000, Mem Usage: 77.6%
2024-08-23 12:27:21,349 - INFO - Ep.: 461, Score: 440.0, e: 0.71, Steps: 1002, Avg Q-val: 28.01, replay: 100000, Mem Usage: 78.0%
2024-08-23 12:27:22,757 - INFO - Ep.: 462, Score: 150.0, e: 0.71, Steps: 509, Avg Q-val: 27.76, replay: 100000, Mem Usage: 78.2%
2024-08-23 12:27:25,193 - INFO - Ep.: 463, Score: 370.0, e: 0.71, Steps: 904, Avg Q-val: 26.84, replay: 100000, Mem Usage: 78.5%
2024-08-23 12:27:26,504 - INFO - Ep.: 464, Score: 260.0, e: 0.71, Steps: 481, Avg Q-val: 28.13, replay: 100000, Mem Usage: 78.7%
2024-08-23 12:27:28,586 - INFO - Ep.: 465, Score: 270.0, e: 0.71, Steps: 729, Avg Q-val: 27.72, replay: 100000, Mem Usage: 78.8%
2024-08-23 12:27:30,411 - INFO - Ep.: 466, Score: 250.0, e: 0.71, Steps: 644, Avg Q-val: 25.80, replay: 100000, Mem Usage: 78.8%
2024-08-23 12:27:32,528 - INFO - Ep.: 467, Score: 280.0, e: 0.71, Steps: 650, Avg Q-val: 27.05, replay: 100000, Mem Usage: 78.9%
2024-08-23 12:27:34,786 - INFO - Ep.: 468, Score: 360.0, e: 0.71, Steps: 705, Avg Q-val: 26.79, replay: 100000, Mem Usage: 78.9%
2024-08-23 12:27:36,730 - INFO - Ep.: 469, Score: 260.0, e: 0.71, Steps: 617, Avg Q-val: 27.98, replay: 100000, Mem Usage: 79.2%
2024-08-23 12:27:38,658 - INFO - Ep.: 470, Score: 180.0, e: 0.70, Steps: 567, Avg Q-val: 29.56, replay: 100000, Mem Usage: 79.9%
2024-08-23 12:27:39,949 - INFO - Ep.: 471, Score: 190.0, e: 0.70, Steps: 374, Avg Q-val: 29.27, replay: 100000, Mem Usage: 80.4%
2024-08-23 12:27:42,109 - INFO - Ep.: 472, Score: 240.0, e: 0.70, Steps: 638, Avg Q-val: 28.05, replay: 100000, Mem Usage: 80.7%
2024-08-23 12:27:44,227 - INFO - Ep.: 473, Score: 360.0, e: 0.70, Steps: 647, Avg Q-val: 27.19, replay: 100000, Mem Usage: 80.7%
2024-08-23 12:27:46,233 - INFO - Ep.: 474, Score: 310.0, e: 0.70, Steps: 626, Avg Q-val: 29.29, replay: 100000, Mem Usage: 80.7%
2024-08-23 12:27:48,703 - INFO - Ep.: 475, Score: 410.0, e: 0.70, Steps: 770, Avg Q-val: 28.02, replay: 100000, Mem Usage: 81.2%
2024-08-23 12:27:51,009 - INFO - Ep.: 476, Score: 300.0, e: 0.70, Steps: 709, Avg Q-val: 28.40, replay: 100000, Mem Usage: 82.1%
2024-08-23 12:27:53,099 - INFO - Ep.: 477, Score: 220.0, e: 0.70, Steps: 636, Avg Q-val: 26.43, replay: 100000, Mem Usage: 82.9%
2024-08-23 12:27:54,992 - INFO - Ep.: 478, Score: 280.0, e: 0.70, Steps: 581, Avg Q-val: 28.86, replay: 100000, Mem Usage: 83.7%
2024-08-23 12:27:57,094 - INFO - Ep.: 479, Score: 180.0, e: 0.70, Steps: 633, Avg Q-val: 29.25, replay: 100000, Mem Usage: 84.6%
2024-08-23 12:27:59,358 - INFO - Ep.: 480, Score: 260.0, e: 0.70, Steps: 679, Avg Q-val: 29.39, replay: 100000, Mem Usage: 85.6%
2024-08-23 12:28:01,201 - INFO - Ep.: 481, Score: 200.0, e: 0.70, Steps: 558, Avg Q-val: 29.60, replay: 100000, Mem Usage: 86.4%
2024-08-23 12:28:02,999 - INFO - Ep.: 482, Score: 200.0, e: 0.70, Steps: 559, Avg Q-val: 27.96, replay: 100000, Mem Usage: 87.2%
2024-08-23 12:28:05,227 - INFO - Ep.: 483, Score: 280.0, e: 0.70, Steps: 681, Avg Q-val: 26.79, replay: 100000, Mem Usage: 88.2%
2024-08-23 12:28:07,489 - INFO - Ep.: 484, Score: 370.0, e: 0.70, Steps: 718, Avg Q-val: 26.67, replay: 100000, Mem Usage: 89.2%
2024-08-23 12:28:09,884 - INFO - Ep.: 485, Score: 190.0, e: 0.70, Steps: 724, Avg Q-val: 29.58, replay: 100000, Mem Usage: 90.2%
2024-08-23 12:28:11,561 - INFO - Ep.: 486, Score: 210.0, e: 0.70, Steps: 521, Avg Q-val: 31.02, replay: 100000, Mem Usage: 91.0%
2024-08-23 12:28:13,671 - INFO - Ep.: 487, Score: 330.0, e: 0.69, Steps: 639, Avg Q-val: 30.35, replay: 100000, Mem Usage: 91.9%
2024-08-23 12:28:16,280 - INFO - Ep.: 488, Score: 310.0, e: 0.69, Steps: 773, Avg Q-val: 29.91, replay: 100000, Mem Usage: 93.0%
2024-08-23 12:28:18,794 - INFO - Ep.: 489, Score: 260.0, e: 0.69, Steps: 757, Avg Q-val: 29.85, replay: 100000, Mem Usage: 94.1%
2024-08-23 12:28:20,623 - INFO - Ep.: 490, Score: 170.0, e: 0.69, Steps: 561, Avg Q-val: 30.16, replay: 100000, Mem Usage: 94.9%
2024-08-23 12:28:25,154 - INFO - Ep.: 491, Score: 490.0, e: 0.69, Steps: 1431, Avg Q-val: 27.93, replay: 100000, Mem Usage: 96.9%
2024-08-23 12:28:26,990 - INFO - Ep.: 492, Score: 210.0, e: 0.69, Steps: 540, Avg Q-val: 30.29, replay: 100000, Mem Usage: 97.7%
2024-08-23 12:28:28,659 - INFO - Ep.: 493, Score: 190.0, e: 0.69, Steps: 516, Avg Q-val: 31.72, replay: 100000, Mem Usage: 98.4%
2024-08-23 12:28:30,111 - INFO - Ep.: 494, Score: 210.0, e: 0.69, Steps: 461, Avg Q-val: 31.00, replay: 100000, Mem Usage: 99.1%
2024-08-23 12:28:34,268 - INFO - Ep.: 495, Score: 420.0, e: 0.69, Steps: 813, Avg Q-val: 29.66, replay: 100000, Mem Usage: 100.0%
